<?xml version="1.0" encoding="UTF-8"?>
<!-- Generated by org.testng.reporters.JUnitXMLReporter -->
<testsuite hostname="DESKTOP-7PTG32V" ignored="6" tests="0" failures="0" timestamp="24 May 2018 22:09:10 GMT" time="0.007" errors="0">
  <testcase name="tc_3" time="0.0" classname="com.selenium.testng.TestGroup1">
    <ignored/>
  </testcase> <!-- tc_3 -->
  <testcase name="tc_2" time="0.0" classname="com.selenium.testng.TestGroup1">
    <ignored/>
  </testcase> <!-- tc_2 -->
  <testcase name="tc_1" time="0.0" classname="com.selenium.testng.TestGroup1">
    <ignored/>
  </testcase> <!-- tc_1 -->
  <testcase name="tc_6" time="0.0" classname="com.selenium.testng.TestGroup2">
    <ignored/>
  </testcase> <!-- tc_6 -->
  <testcase name="tc_4" time="0.0" classname="com.selenium.testng.TestGroup2">
    <ignored/>
  </testcase> <!-- tc_4 -->
  <testcase name="tc_5" time="0.0" classname="com.selenium.testng.TestGroup2">
    <ignored/>
  </testcase> <!-- tc_5 -->
</testsuite>
