<?xml version="1.0" encoding="UTF-8"?>
<!-- Generated by org.testng.reporters.JUnitXMLReporter -->
<testsuite hostname="DESKTOP-7PTG32V" ignored="2" name="Default test" tests="1" failures="0" timestamp="24 May 2018 17:35:36 GMT" time="0.054" errors="0">
  <testcase name="tc_6" time="0.014" classname="com.selenium.testng.Test2"/>
  <testcase name="tc_4" time="0.0" classname="com.selenium.testng.Test2">
    <ignored/>
  </testcase> <!-- tc_4 -->
  <testcase name="tc_5" time="0.0" classname="com.selenium.testng.Test2">
    <ignored/>
  </testcase> <!-- tc_5 -->
</testsuite> <!-- Default test -->
